[   .00000] Initalizg group bsyscpuset[   0.0000 Iitaliznng cgrop subss cp
[  0000000Intiizngcgup subsyscpcct[   0.000]Lix versn .4.0-12-enec buldlgw01-a64010) (c erio 5.4.0 21660 (untu 5..0-6ubuntu~16.04. ) #1-Uuntu SMP Fi Jan 111:486 TC 2018 butu 4.-112.13gener 44.9
    0.0000 Commad in: BT_MAGEbot/vmnu-4.40-2-genri root=ABELcldimg-rot ro coso=tty1 onole=ty
[   0.0000 KNEL suppte cus
[    0.000]   InelenuiInel
[   0.00000]  AD AuthtiAM
   0.000000]   Centar ntaurHauls
   0.0000] x86fp: xat_offs[2:  6,xstate_sis[2]  25
[   0.000000] x86/fpu: Supporting XSAVE feature 0x01: 'x87 floating point registers'
[    000000x8/fp Spporting SAE fate 0x0 'SEresters
[   0.0000] x/fu: Suporing XSAVE feature 0x04: AVX reisrs'
[    0.000000] x86/fpu: Enabled xstate features 0x7, context size is 832 bytes, using 'standrd forat
[   .0000]x8/fpu Ung 'lay'PU ctet wihes.
[   00000] 20: BIO-pvided psial RAMap
  0.0000] IOSe820: [mm 0x0000000000-0x000000009fff uable
[    0.000000] BIOS-e820: [mem 0x000000000009fc00-0x000000000009ffff] reserved[   0.000000] BIOS-e820: [mem 0x00000000000f0000-0x00000000000fffff] reserved
[   000000BIOS-e80:mem 0000000001000-0000003effff]usbl
  0.00000]IOS-e820: [em 0x000003ff000-000000ffffff] AC data[    0.000000 BIOe820: me 0x00000f0000-0000000c0ff] served
[   .0000]BIOS-e20 [me 00000000e00000-x00000fe00ff] reserved
[    00000 BOSe8: [memx00000ffc0000x000000fffff] rseve
[   0.0000] NX(Ecute Disab) protctn: activ
[   00000] MBOS 2 pesnt
[    00000] Hyrvis dtete KVM[    0.0000]820: lstpfn  0fff0maarch_fn 0x400000
[  0000000] MTRR: Disabled
[  0.000000] x86/PAT: RRs sabled siping P iitializaon t.
[  .000000]CPU RR allblk - viuaizd yste.[   .00000] 86/PAT Configuaton0-7]:   T  U U  WBWT U U  
[  00000] ound S M-tleat [me0x009f0-x009ff] apd at[fff800009ff]
    0.0000] Scanning 1 aeas orow mor crution[    00000] RMDSK: [em0x36dc000x37565ff]
[  0000000]AC: Earlyable ecsum vrication dabed[   0.0000] ACPI: RSDP 0x00000000000E0000 000024 (v02 VOX)
[  0.0000 ACPI: XT 0x0000003F000 0003(v01 VBOX   VBOXXSDT 00001 AL 0000061
[   0.000] APIFACP 0x0000003FF00 000F(v04 VX  VBOXFAC 00000ASL 000006
[    0.0000ACI:SD 0x000003FFF70 0021FF(v VBO  BOXBOS0000002NT 2010052)
  0.0000] CPI:AC 0x000003FFF20000040
[   0.0000] CP: CS 0000000FFF00 0040
[  0.0000 API: IC0x000000FFF00 0005C 02 VX  VOXIC 000001 SL  00061)
[    0.00000] ACPI: SSDT 000000FF02A000CC (v0 VOX VOXPU 000002 NTL 1052)[    0.000000] No NUMA cofiguraonfod
[  .000000] Fkig a ne at [em0x000000000000000x00000003ffeffff]
[   .00000 NDE_DAA(0)llocatd em 0x3ffeb00-0ffefff
[    0.000000]kv-cck: Usg srs 56d01 an4b64d0
[   0.000] k-cock: c 0 msr:3fe30, rima cu clk
[  .000000]kv-clock: usin schedofet of 383443 cycs
[   0.0000] ocsource km-clock: sk: 0ffffffffffff maxycles: x1d42e4fb mx_ilens: 881559483 n
[    00000] neranges:
[   00000    DA     em0x000000001000-x0000000ffff]    0.000]   DA32   [m 000000001000-0x000003ffff]
[   000000]  Nomal emty
   0.0000]  Deve  emp
    0.000] Mabe zonestrtor eacnoe
[   .0000]Earlyemry nod rngs[   .00000  noe   0: [mem 0x00000000001000-x00000009eff][    0.00000]  ne   0: [em0x00000000000-0x000000ffffff][   .0000] Itmm sep ode  [m 0x0000000100-0x000003ffeff]
  0.0000] CPI:M-imerO ort:x408
[  00000] OAPI0] apic_id 2, ersi 32,addess fe00000, GSI0-23
   0.0000]ACPIIN_SRCVR(bus 0usirq glbal_iq dfl l)
[   0.0000] CP: NTRC_OVRbu 0 busrq 9 gbal_ir9 low leve
[    00000] si ACPIMAT) f SP onguratin formio
[    00000 spboo Aloin 2CPU 0hotplug Cs
[    00000] : egisteed nosav mery [mem x000000-0x000ffff]
[  0.0000] PM: Registeredosve memoy: [mem 0x0009f000-0x0009ffff]
[   0.0000 PM: gitere nave meor: mem 0x000000-00effff]
   00000] M:egistere noave memory: [mem 0x000f0000-0x000ffff]
[   0.0000 e820:[mem 0x4000000-0febffff] availbl for PCdevices
[    0.000000] Booting arviruaized kne on KVM
   0.00000]locksrc: refiediffiesmask0xffffffmax_cycl: 0xffffff, m_ile_ns:645560211568s
[  0.00000 stup_pcp: NRPUS:51nr_cumk_bi:52 nrcpids: nnode_ids:1
    0.000] PEPU Embeed34 pag/cpufff800c000 s95 r19 d528 u4876
[   0.0000] P qpinlock sh tablentries: 256 (order: 0, 4096 byts)
[  0000000] But 1 zelsts i Ne order, mobility grouping on.  Total pas: 25791
[   0.0000 Poly one: DMA
[   0.0000] erl coan lneBOOT_IAG/boot/vmlnu-4.4.0-112-generc ot=LBEclouim-rootf r cool=tty1 nsle=ttS0
    00000] IDash tleentri: 096 (order: 3, 32768 bytes)
[    0.000000] Memory: 1001740K04120K ailble (849 krnel code,30K rat, 3988roata, 1508init, 16 bss, 480K esved,0Kma-rseved)
[  0.00000] SLUB: Halgn4, Oer0-3,inbjects=0, CPUs=2, Nodes=1
[    0.00000 Kerl/ser page tablesislaion:enled
[    0.000000] Hrarchic RU imlentaton
[    00000] Bud-ti ajustmentof lea faout to64
[    0.000000] 	RCretricting CPUs from NR_PU=512 to nr_cpu_ids=2.
[    0.0000]RC Adjuin geomryfor cuanoutea=64 ncpu_i=2
[    00000]NRRQS:3324r_irq:4 16
[  00000 Conle clo VGA 8x25
[   .000] cool [ty enabl
    0.0000] cool [ttS0enable
[   0.000000] tsc: Detected 1599.999 MHz processor
[   33.336821] Calibrating delay loop (skipped) preset value.. 3199.99 BogoMIPS (lpj=6399996)
[   33.530488] pid_max: default: 32768 minimum: 301
[   33.632795] ACPI: Core revision 20150930
[   33.719581] ACPI: 2 ACPI AML tables successfully acquired and loaded
[   33.778512] Security Framework initialized
[   33.872673] Yama: becoming mindful.
[   33.936470] AppArmor: AppArmor initialized
[   34.025941] Dentry cache hash table entries: 131072 (order: 8, 1048576 bytes)
[   34.184349] Inode-cache hash table entries: 65536 (order: 7, 524288 bytes)
[   34.334496] Mount-cache hash table entries: 2048 (order: 2, 16384 bytes)
[   34.474324] Mountpoint-cache hash table entries: 2048 (order: 2, 16384 bytes)
[   34.633050] Initializing cgroup subsys io
[   34.717922] Initializing cgroup subsys memory
[   34.806401] Initializing cgroup subsys devices
[   34.897036] Initializing cgroup subsys freezer
[   34.947885] Initializing cgroup subsys net_cls
[   35.038071] Initializing cgroup subsys perf_event
[   35.125022] Initializing cgroup subsys net_prio
[   35.220927] Initializing cgroup subsys hugetlb
[   35.316687] Initializing cgroup subsys pids
[   35.410987] CPU: Physical Processor ID: 0
[   35.500561] CPU: Processor Core ID: 0
[   35.591228] FEATURE SPEC_CTRL Not Present
[   35.703380] mce: CPU supports 0 MCE banks
[   35.785089] Last level iTLB entries: 4KB 64, 2MB 8, 4MB 8
[   35.910557] Last level dTLB entries: 4KB 64, 2MB 0, 4MB 0, 1GB 4
[   36.048910] Freeing SMP alternatives memory: 32K
[   36.157039] ftrace: allocating 32180 entries in 126 pages
[   36.328560] smpboot: APIC(0) Converting physical 0 to logical package 0
[   36.469568] smpboot: Max logical packages: 1
[   36.589978] x2apic enabled
[   36.683059] Switched APIC routing to physical x2apic.
[   36.786721] ..TIMER: vector=0x30 apic1=0 pin1=2 apic2=-1 pin2=-1
[   37.020520] smpboot: CPU0: Intel(R) Core(TM) i5-5250U CPU @ 1.60GHz (family: 0x6, model: 0x3d, stepping: 0x4)
[   37.257502] Performance Events: unsupported p6 CPU model 61 no PMU driver, software events only.
[   37.460938] KVM setup paravirtual spinlock
[   37.572061] x86: Booting SMP configuration:
[   37.667650] .... node  #0, CPUs:      #1
[   37.732278] kvm-clock: cpu 1, msr 0:3ffe3041, secondary cpu clock
[   37.800341] mce: CPU supports 0 MCE banks
[   37.851499] x86: Booted up 1 node, 2 CPUs
[   37.927114] smpboot: Total of 2 processors activated (6399.99 BogoMIPS)
[   38.065403] devtmpfs: initialized
[   38.128017] evm: security.selinux
[   38.184858] evm: security.SMACK64
[   38.257630] evm: security.SMACK64EXEC
[   38.293016] evm: security.SMACK64TRANSMUTE
[   38.318526] evm: security.SMACK64MMAP
[   38.333169] evm: security.ima
[   38.346061] evm: security.capability
[   38.366579] clocksource: jiffies: mask: 0xffffffff max_cycles: 0xffffffff, max_idle_ns: 7645041785100000 ns
[   38.396281] futex hash table entries: 512 (order: 3, 32768 bytes)
[   38.521443] pinctrl core: initialized pinctrl subsystem
[   38.637155] RTC time: 14:50:05, date: 03/05/18
[   38.749746] NET: Registered protocol family 16
[   38.871606] cpuidle: using governor ladder
[   38.975818] cpuidle: using governor menu
[   39.050908] PCCT header not found.
[   39.093109] ACPI: bus type PCI registered
[   39.181648] acpiphp: ACPI Hot Plug PCI Controller Driver version: 0.5
[   39.304275] PCI: Using configuration type 1 for base access
[   39.425080] ACPI: Added _OSI(Module Device)
[   39.485861] ACPI: Added _OSI(Processor Device)
[   39.566482] ACPI: Added _OSI(3.0 _SCP Extensions)
[   39.676564] ACPI: Added _OSI(Processor Aggregator Device)
[   39.778919] ACPI: Executed 1 blocks of module-level executable AML code
[   39.902971] ACPI: Interpreter enabled
[   39.981117] ACPI: (supports S0 S5)
[   40.062620] ACPI: Using IOAPIC for interrupt routing
[   40.140799] PCI: Using host bridge windows from ACPI; if necessary, use "pci=nocrs" and report a bug
[   40.308873] ACPI: PCI Root Bridge [PCI0] (domain 0000 [bus 00-ff])
[   40.451747] acpi PNP0A03:00: _OSC: OS supports [ASPM ClockPM Segments MSI]
[   40.580937] acpi PNP0A03:00: _OSC: not requesting OS control; OS requires [ExtendedConfig ASPM ClockPM MSI]
[   40.692847] acpi PNP0A03:00: fail to add MMCONFIG information, can't access extended PCI configuration space under this bridge.
[   40.936072] PCI host bridge to bus 0000:00
[   41.000127] pci_bus 0000:00: root bus resource [io  0x0000-0x0cf7 window]
[   41.080829] pci_bus 0000:00: root bus resource [io  0x0d00-0xffff window]
[   41.123736] pci_bus 0000:00: root bus resource [mem 0x000a0000-0x000bffff window]
[   41.159578] pci_bus 0000:00: root bus resource [mem 0x40000000-0xfdffffff window]
[   41.261226] pci_bus 0000:00: root bus resource [bus 00-ff]
[   41.363968] pci 0000:00:01.1: legacy IDE quirk: reg 0x10: [io  0x01f0-0x01f7]
[   41.510800] pci 0000:00:01.1: legacy IDE quirk: reg 0x14: [io  0x03f6]
[   41.632681] pci 0000:00:01.1: legacy IDE quirk: reg 0x18: [io  0x0170-0x0177]
[   41.747504] pci 0000:00:01.1: legacy IDE quirk: reg 0x1c: [io  0x0376]
[   41.902657] pci 0000:00:07.0: quirk: [io  0x4000-0x403f] claimed by PIIX4 ACPI
[   42.046331] pci 0000:00:07.0: quirk: [io  0x4100-0x410f] claimed by PIIX4 SMB
[   42.203039] ACPI: PCI Interrupt Link [LNKA] (IRQs 5 9 10 *11)
[   42.314874] ACPI: PCI Interrupt Link [LNKB] (IRQs 5 9 *10 11)
[   42.424494] ACPI: PCI Interrupt Link [LNKC] (IRQs 5 *9 10 11)
[   42.526758] ACPI: PCI Interrupt Link [LNKD] (IRQs 5 9 10 *11)
[   42.594245] ACPI: Enabled 2 GPEs in block 00 to 07
[   42.709590] vgaarb: setting as boot device: PCI:0000:00:02.0
[   42.777161] vgaarb: device added: PCI:0000:00:02.0,decodes=io+mem,owns=io+mem,locks=none
[   42.784040] vgaarb: loaded
[   42.792161] vgaarb: bridge control possible 0000:00:02.0
[   42.800403] SCSI subsystem initialized
[   42.816882] ACPI: bus type USB registered
[   42.825836] usbcore: registered new interface driver usbfs
[   42.836265] usbcore: registered new interface driver hub
[   42.850384] usbcore: registered new device driver usb
[   42.874667] PCI: Using ACPI for IRQ routing
[   42.900844] NetLabel: Initializing
[   42.964041] NetLabel:  domain hash size = 128
[   43.064022] NetLabel:  protocols = UNLABELED CIPSOv4
[   43.183195] NetLabel:  unlabeled traffic allowed by default
[   43.313937] amd_nb: Cannot enumerate AMD northbridges
[   43.418078] clocksource: Switched to clocksource kvm-clock
[   3.5642] pAorAprm FesteEnle
[ 44026]npPnAC it
[ 44110]npPnAC: un3 eves

[   45.176073] clocksource: acpi_pm: mask: 0xffffff max_cycles: 0xffffff, max_idle_ns: 2085701024 ns
[   45.326732] NET: Registered protocol family 2
[   45.448264] TCP established hash table entries: 8192 (order: 4, 65536 bytes)
[   45.618867] TCP bind hash table entries: 8192 (order: 5, 131072 bytes)
[   45.871150] TCP: Hash tables configured (established 8192 bind 8192)
[   46.127006] UDP hash table entries: 512 (order: 2, 16384 bytes)
[   46.169176] UDP-Lite hash table entries: 512 (order: 2, 16384 bytes)
[   46.189651] NET: Registered protocol family 1
[   46.205661] pci 0000:00:00.0: Limiting direct PCI/PCI transfers
[   46.272087] pci 0000:00:01.0: Activating ISA DMA hang workarounds
[   46.476506] Unpacking initramfs...
[   48.851447] Freeing initrd memory: 10792K
[   48.885021] RAPL PMU detected, API unit is 2^-32 Joules, 4 fixed counters 10737418240 ms ovfl timer
[   49.040831] hw unit of domain pp0-core 2^-0 Joules
[   49.131855] hw unit of domain package 2^-0 Joules
[   49.227688] hw unit of domain dram 2^-0 Joules
[   49.316379] hw unit of domain pp1-gpu 2^-0 Joules
[   49.406729] platform rtc_cmos: registered platform RTC device (no PNP device found)
[   49.531393] Scanning for low memory corruption every 60 seconds
[   49.592748] audit: initializing netlink subsys (disabled)
[   49.624616] audit: type=2000 audit(1520261380.779:1): initialized
[   49.714654] Initialise system trusted keyring
[   49.783616] HugeTLB registered 2 MB page size, pre-allocated 0 pages
[   49.875460] zbud: loaded
[   49.930745] VFS: Disk quotas dquot_6.6.0
[   50.025630] VFS: Dquot-cache hash table entries: 512 (order 0, 4096 bytes)
[   50.147796] squashfs: version 4.0 (2009/01/31) Phillip Lougher
[   50.180445] fuse init (API version 7.23)
[   50.252438] Key type big_key registered
[   50.318196] Allocating IMA MOK and blacklist keyrings.
[   50.337252] Key type asymmetric registered
[   50.421343] tsc: Refined TSC clocksource calibration: 1602.053 MHz
[   50.422816] Asymmetric key parser 'x509' registered
[   50.422887] Block layer SCSI generic (bsg) driver version 0.4 loaded (major 249)
[   50.426789] io scheduler noop registered
[   50.426791] io scheduler deadline registered (default)
[   50.426840] io scheduler cfq registered
[   50.426958] pci_hotplug: PCI Hot Plug PCI Core version: 0.5
[   50.426963] pciehp: PCI Express Hot Plug Controller Driver version: 0.4
[   50.427312] ACPI: AC Adapter [AC] (on-line)
[   50.427372] input: Power Button as /devices/LNXSYSTM:00/LNXPWRBN:00/input/input0
[   50.427375] ACPI: Power Button [PWRF]
[   50.427466] input: Sleep Button as /devices/LNXSYSTM:00/LNXSLPBN:00/input/input1
[   50.427468] ACPI: Sleep Button [SLPF]
[   50.427645] GHES: HEST is not enabled!
[   50.428820] ACPI: Battery Slot [BAT0] (battery present)
[   50.522781] Serial: 8250/16550 driver, 32 ports, IRQ sharing enabled
[   50.687793] 00:02: ttyS0 at I/O 0x3f8 (irq = 4, base_baud = 115200) is a 16550A
[   50.734415] Linux agpgart interface v0.103
[   50.772377] loop: module loaded
[   50.772975] scsi host0: ata_piix
[   50.773032] scsi host1: ata_piix
[   50.773066] ata1: PATA max UDMA/33 cmd 0x1f0 ctl 0x3f6 bmdma 0xd000 irq 14
[   50.773067] ata2: PATA max UDMA/33 cmd 0x170 ctl 0x376 bmdma 0xd008 irq 15
[   50.773138] libphy: Fixed MDIO Bus: probed
[   50.773139] tun: Universal TUN/TAP device driver, 1.6
[   50.773140] tun: (C) 1999-2004 Max Krasnyansky <maxk@qualcomm.com>
[   50.773577] PPP generic driver version 2.4.2
[   50.773633] ehci_hcd: USB 2.0 'Enhanced' Host Controller (EHCI) Driver
[   50.773636] ehci-pci: EHCI PCI platform driver
[   50.773652] ehci-platform: EHCI generic platform driver
[   50.773660] ohci_hcd: USB 1.1 'Open' Host Controller (OHCI) Driver
[   50.773663] ohci-pci: OHCI PCI platform driver
[   50.773670] ohci-platform: OHCI generic platform driver
[   50.773676] uhci_hcd: USB Universal Host Controller Interface driver
[   50.773730] i8042: PNP: PS/2 Controller [PNP0303:PS2K,PNP0f03:PS2M] at 0x60,0x64 irq 1,12
[   50.774348] serio: i8042 KBD port at 0x60,0x64 irq 1
[   50.774351] serio: i8042 AUX port at 0x60,0x64 irq 12
[   50.774453] mousedev: PS/2 mouse device common for all mice
[   50.774782] input: AT Translated Set 2 keyboard as /devices/platform/i8042/serio0/input/input2
[   50.775161] rtc_cmos rtc_cmos: rtc core: registered rtc_cmos as rtc0
[   50.775224] rtc_cmos rtc_cmos: alarms up to one day, 114 bytes nvram
[   50.775230] i2c /dev entries driver
[   50.775284] device-mapper: uevent: version 1.0.3
[   50.775337] device-mapper: ioctl: 4.34.0-ioctl (2015-10-28) initialised: dm-devel@redhat.com
[   50.775356] ledtrig-cpu: registered to indicate activity on CPUs
[   50.776001] NET: Registered protocol family 10
[   50.776150] NET: Registered protocol family 17
[   50.776159] Key type dns_resolver registered
[   50.776294] microcode: CPU0 sig=0x306d4, pf=0x40, revision=0x0
[   50.821339] microcode: CPU1 sig=0x306d4, pf=0x40, revision=0x0
[   50.821418] microcode: Microcode Update Driver: v2.01 <tigran@aivazian.fsnet.co.uk>, Peter Oruba
[   50.821558] registered taskstats version 1
[   50.821573] Loading compiled-in X.509 certificates
[   50.822320] Loaded X.509 cert 'Build time autogenerated kernel key: 4c603087bab8f0a02cb3b4e1fb4c40f507e71ef1'
[   50.822345] zswap: loaded using pool lzo/zbud
[   50.824229] Key type trusted registered
[   50.827815] Key type encrypted registered
[   50.827823] AppArmor: AppArmor sha1 policy hashing enabled
[   50.827827] ima: No TPM chip found, activating TPM-bypass!
[   50.827848] evm: HMAC attrs: 0x1
[   50.828270]   Magic number: 10:627:838
[   50.846236] rtc_cmos rtc_cmos: setting system clock to 2018-03-05 14:50:17 UTC (1520261417)
[   50.846352] BIOS EDD facility v0.16 2004-Jun-25, 0 devices found
[   50.846352] EDD information not available.
[   55.242787] clocksource: tsc: mask: 0xffffffffffffffff max_cycles: 0x1717b851e86, max_idle_ns: 440795247289 ns
[   55.424620] Freeing unused kernel memory: 1508K
[   55.503383] Write protecting the kernel read-only data: 14336k
[   55.585955] Freeing unused kernel memory: 1728K
[   55.607794] Freeing unused kernel memory: 108K
Loading, please wait...
[   55.662762] random: systemd-udevd: uninitialized urandom read (16 bytes read, 7 bits of entropy available)
starting version[   55.663540] random: udevadm: uninitialized urandom read (16 bytes read, 7 bits of entropy available)
 229
[   55.663566] random: udevadm: uninitialized urandom read (16 bytes read, 7 bits of entropy available)
[   55.678334] random: udevadm: uninitialized urandom read (16 bytes read, 7 bits of entropy available)
[   55.678394] random: udevadm: uninitialized urandom read (16 bytes read, 7 bits of entropy available)
[   55.678589] random: udevadm: uninitialized urandom read (16 bytes read, 7 bits of entropy available)
[   55.678663] random: udevadm: uninitialized urandom read (16 bytes read, 7 bits of entropy available)
[   55.678736] random: udevadm: uninitialized urandom read (16 bytes read, 7 bits of entropy available)
[   55.678811] random: udevadm: uninitialized urandom read (16 bytes read, 7 bits of entropy available)
[   55.678882] random: udevadm: uninitialized urandom read (16 bytes read, 7 bits of entropy available)
[   56.862400] Fusion MPT base driver 3.04.20
[   56.878768] Copyright (c) 1999-2008 LSI Corporation
[   56.961665] e1000: Intel(R) PRO/1000 Network Driver - version 7.3.21-k8-NAPI
[   57.047507] e1000: Copyright (c) 1999-2006 Intel Corporation.
[   57.185985] Fusion MPT SPI Host driver 3.04.20
[   57.298253] mptbase: ioc0: Initiating bringup
[   57.401796] AVX2 version of gcm_enc/dec engaged.
[   57.447214] AES CTR mode by8 optimization enabled
[   57.457025] input: ImExPS/2 Generic Explorer Mouse as /devices/platform/i8042/serio1/input/input4
[   57.559772] ioc0: LSI53C1030 A0: Capabilities={Initiator}
[   57.827606] scsi host2: ioc0: LSI53C1030 A0, FwRev=00000000h, Ports=1, MaxQ=256, IRQ=20
[   58.053355] scsi 2:0:0:0: Direct-Access     VBOX     HARDDISK         1.0  PQ: 0 ANSI: 5
[   58.088747] scsi target2:0:0: Beginning Domain Validation
[   58.107173] scsi target2:0:0: Domain Validation skipping write tests
[   58.110708] scsi target2:0:0: Ending Domain Validation
[   58.118304] scsi target2:0:0: asynchronous
[   58.129438] scsi 2:0:1:0: Direct-Access     VBOX     HARDDISK         1.0  PQ: 0 ANSI: 5
[   58.149587] scsi target2:0:1: Beginning Domain Validation
[   58.161637] scsi target2:0:1: Domain Validation skipping write tests
[   58.165197] scsi target2:0:1: Ending Domain Validation
[   58.168508] scsi target2:0:1: asynchronous
[   58.214786] sd 2:0:0:0: Attached scsi generic sg0 type 0
[   58.214822] sd 2:0:0:0: [sda] 20971520 512-byte logical blocks: (10.7 GB/10.0 GiB)
[   58.215096] sd 2:0:0:0: [sda] Write Protect is off
[   58.215252] sd 2:0:0:0: [sda] Incomplete mode parameter data
[   58.215253] sd 2:0:0:0: [sda] Assuming drive cache: write through
[   58.221807]  sda: sda1
[   58.243645] sd 2:0:0:0: [sda] Attached SCSI disk
[   58.291398] sd 2:0:1:0: Attached scsi generic sg1 type 0
[   58.299874] sd 2:0:1:0: [sdb] 20480 512-byte logical blocks: (10.5 MB/10.0 MiB)
[   58.327602] sd 2:0:1:0: [sdb] Write Protect is off
[   58.353151] sd 2:0:1:0: [sdb] Incomplete mode parameter data
[   58.363914] sd 2:0:1:0: [sdb] Assuming drive cache: write through
[   58.375407] sd 2:0:1:0: [sdb] Attached SCSI disk
[   58.484136] e1000 0000:00:03.0 eth0: (PCI:33MHz:32-bit) 02:db:14:78:b4:e6
[   58.615491] e1000 0000:00:03.0 eth0: Intel(R) PRO/1000 Network Connection
[   58.760339] e1000 0000:00:03.0 enp0s3: renamed from eth0
[   60.307028] floppy0: no floppy controllers found
Begin: Loading e[   62.415913] md: linear personality registered for level -1
ssential drivers[   62.524422] md: multipath personality registered for level -4
 ... [   62.626201] md: raid0 personality registered for level 0
[   62.748319] md: raid1 personality registered for level 1
[   62.950122] raid6: sse2x1   gen()  7854 MB/s
[   63.102161] raid6: sse2x1   xor()  4362 MB/s
[   63.246695] raid6: sse2x2   gen()  9028 MB/s
[   63.394350] raid6: sse2x2   xor()  5607 MB/s
[   63.562215] raid6: sse2x4   gen() 11997 MB/s
[   63.710301] raid6: sse2x4   xor()  7325 MB/s
[   63.878252] raid6: avx2x1   gen() 15767 MB/s
[   64.026114] raid6: avx2x2   gen() 18854 MB/s
[   64.174155] raid6: avx2x4   gen() 19476 MB/s
[   64.258942] raid6: using algorithm avx2x4 gen() 19476 MB/s
[   64.366196] raid6: using avx2x2 recovery algorithm
[   64.464040] xor: automatically using best checksumming function:
[   64.586197]    avx       : 24345.000 MB/sec
[   64.676479] async_tx: api initialized (async)
[   64.780832] md: raid6 personality registered for level 6
[   64.879221] md: raid5 personality registered for level 5
[   64.976340] md: raid4 personality registered for level 4
[   65.076149] md: raid10 personality registered for level 10
done.
Begin: Running /scripts/init-premount ...[   65.241389] Btrfs loaded
 done.
Begin: Mounting root file system ... Begin: Running /scripts/local-top ... done.
Begin: Running /script[   65.370262] EXT4-fs (sda1): mounted filesystem with ordered data mode. Opts: (null)
s/local-premount ... Scanning for Btrfs filesystems
done.
Warning: fsck not present, so skipping root file system
done.
Begin: Running /scripts/local-bottom ... done.
Begin: Running /scripts/init-bottom ... done.
[   .935 ste[1 sysmd29unng i sstm ode.+PM UD +LINUX +MAAPARMOR +MA +SVITUT +BCYPETP +GCRY +NULS +CL + -4 ECOMP +LKI+EFULSKM -DN

[   6.278 stemd[1 Decteviuazaon ocl
[   689849syem1]Deecd chtectre864.

Welcome to [1mUbuntu 16.04.3 LTS[0m!

[ 69839] syste[1: t stmeo buu>

[   0.9713 sted[1]InialinmahineD om rdo gneto
[   .210 sstem[1 Istalle traiet tcachie- fe.
[ 725571 random: nonloin poois nialed

[   73.522835] systemd[1]: Started Forward Password Requests to Wall Directory Watch.
[[0;32m  OK  [0m] Started Forward Password Requests to Wall Directory Watch.
[   73.806890] systemd[1]: Listening on LVM2 metadata daemon socket.
[[0;32m  OK  [0m] Listening on LVM2 metadata daemon socket.
[   73.954783] systemd[1]: Set up automount Arbitrary Executable File Formats File System Automount Point.
[[0;32m  OK  [0m] Set up automount Arbitrary Executab...ats File System Automount Point.
[   74.299819] systemd[1]: Listening on Device-mapper event daemon FIFOs.
[[0;32m  OK  [0m] Listening on Device-mapper event daemon FIFOs.
[   74.454742] systemd[1]: Listening on udev Kernel Socket.
[[0;32m  OK  [0m] Listening on udev Kernel Socket.
[   74.607060] systemd[1]: Started Trigger resolvconf update for networkd DNS.
[[0;32m  OK  [0m] Started Trigger resolvconf update for networkd DNS.
[   74.823168] systemd[1]: Listening on Journal Socket.
[[0;32m  OK  [0m] Listening on Journal Socket.
[   74.970997] systemd[1]: Listening on Journal Socket (/dev/log).
[[0;32m  OK  [0m] Listening on Journal Socket (/dev/log).
[   75.111395] systemd[1]: Listening on LVM2 poll daemon socket.
[[0;32m  OK  [0m] Listening on LVM2 poll daemon socket.
[   75.243639] systemd[1]: Reached target User and Group Name Lookups.
[[0;32m  OK  [0m] Reached target User and Group Name Lookups.
[   75.340384] systemd[1]: Reached target Encrypted Volumes.
[[0;32m  OK  [0m] Reached target Encrypted Volumes.
[   75.379849] systemd[1]: Listening on udev Control Socket.
[[0;32m  OK  [0m] Listening on udev Control Socket.
[   75.527333] systemd[1]: Listening on Syslog Socket.
[[0;32m  OK  [0m] Listening on Syslog Socket.
[   75.590942] systemd[1]: Listening on Journal Audit Socket.
[[0;32m  OK  [0m] Listening on Journal Audit Socket.
[   75.747308] systemd[1]: Listening on /dev/initctl Compatibility Named Pipe.
[[0;32m  OK  [0m] Listening on /dev/initctl Compatibility Named Pipe.
[   75.907221] systemd[1]: Reached target Swap.
[[0;32m  OK  [0m] Reached target Swap.
[   75.963997] systemd[1]: Created slice System Slice.
[[0;32m  OK  [0m] Created slice System Slice.
[   76.118593] systemd[1]: Mounting Debug File System...
         Mounting Debug File System...
[   76.286714] systemd[1]: Starting Nameserver information manager...
         Starting Nameserver information manager...
[   76.442964] systemd[1]: Mounting Huge Pages File System...
         Mounting Huge Pages File System...
[   76.590774] systemd[1]: Mounting POSIX Message Queue File System...
         Mounting POSIX Message Queue File System...
[   76.730556] systemd[1]: Starting Create list of required static device nodes for the current kernel...
         Starting Create list of required st... nodes for the current kernel...
[   76.911029] systemd[1]: Starting Set console keymap...
         Starting Set console keymap...
[   77.038543] systemd[1]: Starting Monitoring of LVM2 mirrors, snapshots etc. using dmeventd or progress polling...
         Starting Monitoring of LVM2 mirrors... dmeventd or progress polling...
[   77.259356] systemd[1]: Starting Journal Service...
         Starting Journal Service...
[   77.402633] systemd[1]: Starting Uncomplicated firewall...
         Starting Uncomplicated firewall...
[   77.551210] systemd[1]: Starting Load Kernel Modules...
[   .615 LadngSC tnsrtla v0-0.
         Starting Load Kernel Mo[   78.377502] iscsi: registered transport (tcp)
dules...
[   78.458645] systemd[1]: Starting Remount Root and Kernel File Systems...
         Starting Remount[   78.490442] EXT4-fs (sda1): re-mounted. Opts: (null)
 Root and Kernel File Systems...[   78.619003] iscsi: registered transport (iser)

[   78.6984] sstd[: reted slice system-serial\x2dgetty.slice.

[[0;32m  OK  [0m] Created slice system-serial\x2dgetty.slice.
[   9.75] ysemd[1]:Crted sic User ndeson Slic
[[0;32m  OK  [0m] Created slice User and Session Slice.
[ 80.39919] stmd]:Rehetarget Slice
[[0;32m  OK  [0m] Reached target Slices.
[   81.22134 systmd]: MoutePOX Mesa QueilSyem

[[0;32m  OK  [0m] Mounted POSIX Message Queue File System.
[   2.53] stemd[1]: Mounted Debug File System.
[[0;32m  OK  [0m] Mounted Debug File System.
[   2.9419syte[1]:ouedugPas leystem.
[[0;32m  OK  [0m] Mounted Huge Pages File System.
[ 8399494] systed[]: Started Joural Serce.
[[0;32m  OK  [0m] Started Journal Service.
[[0;32m  OK  [0m] Started Create list of required sta...ce nodes for the current kernel.
[[0;32m  OK  [0m] Started Set console keymap.
[[0;32m  OK  [0m] Started Uncomplicated firewall.
[[0;32m  OK  [0m] Started Load Kernel Modules.
[[0;32m  OK  [0m] Started Remount Root and Kernel File Systems.
[[0;32m  OK  [0m] Started Nameserver information manager.
[[0;32m  OK  [0m] Started LVM2 metadata daemon.
         Starting Initial cloud-init job (pre-networking)...
         Starting udev Coldplug all Devices...
         Starting Load/Save Random Seed...
         Mounting FUSE Control File System...
         Starting Apply Kernel Variables...
         Starting Create Static Device Nodes in /dev...
         Starting Flush Journal to Persistent Storage...
[[0;32m  OK  [0m] Mounted FUSE Control File System.
[[0;32m  OK  [0m] Started Load/Save Random Seed.
[[0;32m  OK  [0m] Started Monitoring of LVM2 mirrors,...ng dmeventd or progress polling.
[[0;32m  OK  [0m] Started Apply Kernel Variables.
[[0;32m  OK  [0m] Started Create Static Device Nodes in /dev.
[[0;32m  OK  [0m] Started udev Coldplug all Devices.
[[0;32m  OK  [0m] Started Flush Journal to Persistent Storage.
         Starting udev Kernel Device Manager...
[[0;32m  OK  [0m] Started udev Kernel Device Manager.
[[0;32m  OK  [0m] Reached target Local File Systems (Pre).
[[0;32m  OK  [0m] Reached target Local File Systems.
         Starting Commit a transient machine-id on disk...
         Starting LSB: AppArmor initialization...
         Starting Tell Plymouth To Write Out Runtime Data...
         Starting Create Volatile Files and Directories...
         Starting Set console font and keymap...
[[0;32m  OK  [0m] Started Dispatch Password Requests to Console Directory Watch.
[[0;32m  OK  [0m] Started Commit a transient machine-id on disk.
[   43.961869] cloud-init[443]: Cloud-init v. 17.1 running 'init-local' at Mon, 05 Mar 2018 14:50:52 +0000. Up 43.29 seconds.
[[0;32m  OK  [0m] Started Tell Plymouth To Write Out Runtime Data.
[[0;32m  OK  [0m] Started Create Volatile Files and Directories.
[[0;32m  OK  [0m] Started Initial cloud-init job (pre-networking).
[[0;32m  OK  [0m] Found device /dev/ttyS0.
[[0;32m  OK  [0m] Listening on Load/Save RF Kill Switch Status /dev/rfkill Watch.
[[0;32m  OK  [0m] Reached target Network (Pre).
[[0;32m  OK  [0m] Reached target System Time Synchronized.
         Starting Update UTMP about System Boot/Shutdown...
[[0;32m  OK  [0m] Started Set console font and keymap.
[[0;32m  OK  [0m] Started Update UTMP about System Boot/Shutdown.
[[0;32m  OK  [0m] Created slice system-getty.slice.
[[0;32m  OK  [0m] Started LSB: AppArmor initialization.
         Starting Raise network interfaces...
[[0;32m  OK  [0m] Started Raise network interfaces.
[[0;32m  OK  [0m] Reached target Network.
         Starting Initial cloud-init job (metadata service crawler)...
[   47.816637] cloud-init[939]: Cloud-init v. 17.1 running 'init' at Mon, 05 Mar 2018 14:50:55 +0000. Up 46.60 seconds.
[   47.916991] cloud-init[939]: ci-info: +++++++++++++++++++++++++++++++++++++Net device info++++++++++++++++++++++++++++++++++++++
[   47.917785] cloud-init[939]: ci-info: +--------+------+----------------------------+---------------+-------+-------------------+
[[0;32m  OK  [0m] Started Initial cloud-init job (metadata service crawler).
[   47.918028] cloud-init[939]: ci-info: | Device |  Up  |          Address           |      Mask     | Scope |     Hw-Address    |
[   48.488992] cloud-init[939]: ci-info: +--------+------+----------------------------+---------------+-------+-------------------+
[   48.490172] cloud-init[939]: ci-info: | enp0s3 | True |         10.0.2.15          | 255.255.255.0 |   .   | 02:db:14:78:b4:e6 |
[[0;32m  OK  [0m] Reached target Cloud-config availability.
[[   48.490595] cloud-init[939]: ci-info: | enp0s3 | True | fe80::db:14ff:fe78:b4e6/64 |       .       |  link | 02:db:14:78:b4:e6 |
[0;32m  OK  [0m] Reached target Network is Online.
[   48.842344] cloud-init[939]: ci-info: |   lo   | True |         127.0.0.1          |   255.0.0.0   |   .   |         .         |
[   49.161117] cloud-init[939]: ci-info: |   lo   | True |          ::1/128           |       .       |  host |         .         |
         Starting iSCSI initiator daemon (iscsid)...
[   49.161710] cloud-init[939]: ci-info: +--------+------+----------------------------+---------------+-------+-------------------+
[   49.497522] cloud-init[939]: ci-info: +++++++++++++++++++++++++++Route IPv4 info++++++++++++++++++++++++++++
[   49.498475] cloud-init[939]: ci-info: +-------+-------------+----------+---------------+-----------+-------+
[[0;32m  OK  [0m] Reached target System Initialization.
[   49.498873] cloud-init[939]: ci-info: | Route | Destination | Gateway  |    Genmask    | Interface | Flags |
[   49.841562] cloud-init[939]: ci-info: +-------+-------------+----------+---------------+-----------+-------+
[[0;32m  OK  [0m] Listening on D-Bus System Message Bus Socket.
[   49.841873] cloud-init[939]: ci-info: |   0   |   0.0.0.0   | 10.0.2.2 |    0.0.0.0    |   enp0s3  |   UG  |
[   50.248410] cloud-init[939]: ci-info: |   1   |   10.0.2.0  | 0.0.0.0  | 255.255.255.0 |   enp0s3  |   U   |
[   50.249198] cloud-init[939]: ci-info: +-------+-------------+----------+---------------+-----------+-------+
         Starting LXD - unix socket.
[[   50.249528] cloud-init[939]: Generating public/private rsa key pair.
[   50.565801] cloud-init[939]: Your identification has been saved in /etc/ssh/ssh_host_rsa_key.
[0;32m  OK  [0m] Listening on UUID daemon activation socket.
[   50.565991] cloud-init[939]: Your public key has been saved in /etc/ssh/ssh_host_rsa_key.pub.
[   50.928908] cloud-init[939]: The key fingerprint is:
[[0;32m  OK  [0m] Started ACPI Events Check.
[   50.929797] cloud-init[939]: SHA256:w/uy9IXz7tzBrQM03GCPrO7/DiK+wNm3+3HPq6gxOCA root@ubuntu-xenial
[   51.061636] cloud-init[939]: The key's randomart image is:
[[0;32m  OK  [0m] Reached target Paths.
[   51.062448] cloud-init[939]: +---[RSA 2048]----+
[   51.164714] cloud-init[939]: |                 |
[[0;32m  OK  [0m] Started Timer to automatically refresh installed snaps.[   51.166180] 
cloud-init[939]: |            o    |
[[   51.167209] cloud-init[939]: |           + =   |
[   51.333890] cloud-init[939]: |       .    * o  |
[0;32m  OK  [0m] Started Daily apt download activities.
[[   51.334286] cloud-init[939]: |   E .  S  o .   |
[   51.481430] cloud-init[939]: |    ...o.o.... . |
[0;32m  OK  [0m] Started Daily apt upgrade and clean activities.
[   51.481738] cloud-init[939]: |      +o=+= +.+ .|
[   51.677629] cloud-init[939]: |       +o=+B.=.= |
[[0;32m  OK  [0m] Listening on ACPID Listen Socket.
[   51.678059] cloud-init[939]: |        +*BBB+*o+|
         Starting Socket activation for snappy daemon.
[[   51.806241] cloud-init[939]: +----[SHA256]-----+
[   51.827384] cloud-init[939]: Generating public/private dsa key pair.
[0;32m  OK  [0m] Started Daily Cleanup of Temporary Directories.
[   51.827530] cloud-init[939]: Your identification has been saved in /etc/ssh/ssh_host_dsa_key.
[   52.003522] cloud-init[939]: Your public key has been saved in /etc/ssh/ssh_host_dsa_key.pub.
[[0;32m  OK  [0m] Reached target Timers.
[   52.003956] cloud-init[939]: The key fingerprint is:
[   52.292556] cloud-init[939]: SHA256:5HANPSkV3vjgLsjn73wrwAnNnJiYrFZa3NqADkH5AqQ root@ubuntu-xenial
[   52.293330] cloud-init[939]: The key's randomart image is:
[[0;32m  OK  [0m] Listening on LXD - unix socket.
[   52.293693] cloud-init[939]: +---[DSA 1024]----+
[   52.585580] cloud-init[939]: |oo.     .ooo     |
[[0;32m  OK  [0m] Listening on Socket activation for snappy daemon.
[   52.585895] cloud-init[939]: |+.      .++o     |
[   52.712764] cloud-init[939]: |E..+ +.*oo=..    |
[[0;32m  OK  [0m] Staated iSCSI initiator daemon (iscsid).
[   52.713153] cloud-init[939]: |....O ===. o     |
[   52.856746] cloud-init[939]: | o.= + oS.. .    |
[   52.857350] cloud-init[939]: |  = ....+.       |
         Starting Login to default iSCSI targets...
[   52.857731] cloud-init[939]: | .    o o..      |
[[0;32m  OK  [0m] Reached target Sockets.
[   52.990021] cloud-init[939]: |       o o. .    |
[   53.079705] cloud-init[939]: |        .o+o..   |
[[0;32m  OK  [0m] Reached target Basic System.
[   53.080382] cloud-init[939]: +----[SHA256]-----+
[   53.220782] cloud-init[939]: Generating public/private ecdsa key pair.
[   53.221624]          cloud-init[939]: Your identification has been saved in /etc/ssh/ssh_host_ecdsa_key.
Starting LSB: MD monitoring daemon...
[   53.222182] cloud-init[939]: Your public key has been saved in /etc/ssh/ssh_host_ecdsa_key.pub.
[   53.497232] cloud-init[939]: The key fingerprint is:
[   53.498008] cloud-init[939]: SHA256:D7soAZD8VC+z/CfYXQLFM6CAml2iJfi/OG21SR1HK/g root@ubuntu-xenial
         Starting Login Service...
[   53.498337] cloud-init[939]: The key's randomart image is:
[   53.712792] cloud-init[939]: +---[ECDSA 256]---+
[   53.713456] cloud-init[939]: |o..... .o.       |
         Starting Accounts Service...
[   53.713951] cloud-init[939]: |=oo.o o .+.      |
[   53.840572] cloud-init[939]: |.Ooo + + .o.     |
[   53.841361] cloud-init[939]: |+ +.. = + o      |
         Starting Apply the settings specified in cloud-config...
[[0;32m  OK  [0m] Started Unattended Upgrades Shutdown.
[   53.841621] cloud-init[939]: |   o o oS= .     |
[   54.148566] cloud-init[939]: |    o * E+o      |
         Starting /etc/rc.local Compatibility...
[   54.199511] cloud-init[939]: |   o * *.o.      |
[   54.297111] cloud-init[939]: |  o = o.o.       |
[[0;32m  OK  [0m] Started FUSE filesystem for LXC.
[   54.339366] cloud-init[939]: |   o .. .        |
[[0;32m  OK  [0m] Started Regular background program processing daemon.
[   54.444469] cloud-init[939]: +----[SHA256]-----+
[   54.497769] cloud-init[939]: Generating public/private ed25519 key pair.
[[0;32m  OK  [0m] Started ACPI event daemon.
[   54.500484] cloud-init[939]: Your identification has been saved in /etc/ssh/ssh_host_ed25519_key.
[   54.660593] [cloud-init[0;32m  OK  [0m[939]: ] Your public key has been saved in /etc/ssh/ssh_host_ed25519_key.pub.Started Deferred execution scheduler.

[   54.772641]          cloud-initStarting LSB: Record successful boot for GRUB...[939]: 
The key fingerprint is:
         [   54.852429] Starting Snappy daemon...cloud-init
[939]: SHA256:fXw7mKFnlwtdxGy13Dga82M+Qt+ewwsdfdH4VXPX/UY root@ubuntu-xenial
[   54.922831] cloud-init[939]: The key's randomart image is:
[   54.924102] cloud-init[939]: +--[ED25519 256]--+
[[0;32m  OK  [0m] Started D-Bus System Message Bus.
[   54.924687] cloud-init[939]: |               .B|
[   55.020609] cloud-init[939]: |              .=E|
[   55.064963] cloud-init[939]: |            o +=X|
[   55.066116] cloud-init[939]: |         . . = =*|
         Starting System Logging Service...
[   55.067713] cloud-init[939]: |        S . * =o=|
         Starting Pollinate to seed the pseudo random number generator...
[   55.169790] cloud-init[939]: |           + X.*o|
         Starting LXD - container startup/shutdown...
[[0;32m  OK  [0m] Started System Logging Service.
[[0;32m  OK  [0m] Started Snappy daemon.
[[0;32m  OK  [0m] Started /etc/rc.local Compatibility.
[   55.250202] cloud-init[939]: |          . B.@..|
[   55.417089] cloud-init[939]: |           o +.B.|
[   55.467679] [cloud-init[0;32m  OK  [0m[939]: ] |              .o+|Started Login to default iSCSI targets.

[   55.542691] [[0;32m  OK  [0m] Started LXD - container startup/shutdown.
[[0;32m  OK  [0m] Started LSB: MD monitoring daemon.
cloud-init[939]: +----[SHA256]-----+
[   55.683138] cloud-init[1050]: Generating locales (this might take a while)...
[[0;32m  OK  [0m] Started Login Service.
[[0;32m  OK  [0m] Started LSB: Record successful boot for GRUB.
         Starting Authenticate and Authorize Users to Run Privileged Tasks...
[[0;32m  OK  [0m] Reached target Remote File Systems (Pre).
[[0;32m  OK  [0m] Reached target Remote File Systems.
         Starting Permit User Sessions...
         Starting LSB: automatic crash report generation...
         Starting LSB: daemon to balance interrupts for SMP systems...
         Starting LSB: Set the CPU Frequency Scaling governor to "ondemand"...
         Starting LSB: VirtualBox Linux Additions...
[[0;32m  OK  [0m] Started Pollinate to seed the pseudo random number generator.
[[0;32m  OK  [0m] Started Permit User Sessions.
[[0;32m  OK  [0m] Started Authenticate and Authorize Users to Run Privileged Tasks.
[[0;32m  OK  [0m] Started Accounts Service.
[[0;32m  OK  [0m] Started LSB: automatic crash report generation.
[[0;32m  OK  [0m] Started LSB: daemon to balance interrupts for SMP systems.
         Starting Hold until boot process finishes up...
         Starting Terminate Plymouth Boot Screen...
         Starting OpenBSD Secure Shell server...
[[0;32m  OK  [0m] Started LSB: Set the CPU Frequency Scaling governor to "ondemand".
[[0;32m  OK  [0m] Started Hold until boot process finishes up.
[[0;32m  OK  [0m] Started Terminate Plymouth Boot Screen.
[[0;32m  OK  [0m] Started OpenBSD Secure Shell server.
[[0;32m  OK  [0m] Started LSB: VirtualBox Linux Additions.
[[0;32m  OK  [0m] Started Serial Getty on ttyS0.
         Starting Set console scheme...
[[0;32m  OK  [0m] Started Getty on tty1.
[[0;32m  OK  [0m] Reached target Login Prompts.
[[0;32m  OK  [0m] Reached target Multi-User System.
[[0;32m  OK  [0m] Reached target Graphical Interface.
[   57.187129] cloud-init[1050]:   en_US.UTF-8... done
[   57.223226]          cloud-initStarting Update UTMP about System Runlevel Changes...[1050]: 
Generation complete.
[[0;32m  OK  [0m] Started Set console scheme.
[[0;32m  OK  [0m] Started Update UTMP about System Runlevel Changes.
[[0;32m  OK  [0m] Created slice User Slice of vagrant.
         Starting User Manager for UID 1000...
[[0;32m  OK  [0m] Started Session 1 of user vagrant.
[[0;32m  OK  [0m] Started User Manager for UID 1000.
[   57.860515] cloud-init[1050]: Cloud-init v. 17.1 running 'modules:config' at Mon, 05 Mar 2018 14:51:03 +0000. Up 54.37 seconds.
[[0;32m  OK  [0m] Started Apply the settings specified in cloud-config.
         Starting Execute cloud user/final scripts...
ci-info: no authorized ssh keys fingerprints found for user ubuntu.
<14>Mar  5 14:51:08 ec2: 
<14>Mar  5 14:51:08 ec2: #############################################################
<14>Mar  5 14:51:08 ec2: -----BEGIN SSH HOST KEY FINGERPRINTS-----
<14>Mar  5 14:51:08 ec2: 1024 SHA256:5HANPSkV3vjgLsjn73wrwAnNnJiYrFZa3NqADkH5AqQ root@ubuntu-xenial (DSA)
<14>Mar  5 14:51:08 ec2: 256 SHA256:D7soAZD8VC+z/CfYXQLFM6CAml2iJfi/OG21SR1HK/g root@ubuntu-xenial (ECDSA)
<14>Mar  5 14:51:08 ec2: 256 SHA256:fXw7mKFnlwtdxGy13Dga82M+Qt+ewwsdfdH4VXPX/UY root@ubuntu-xenial (ED25519)
<14>Mar  5 14:51:08 ec2: 2048 SHA256:w/uy9IXz7tzBrQM03GCPrO7/DiK+wNm3+3HPq6gxOCA root@ubuntu-xenial (RSA)
<14>Mar  5 14:51:08 ec2: -----END SSH HOST KEY FINGERPRINTS-----
<14>Mar  5 14:51:08 ec2: #############################################################
-----BEGIN SSH HOST KEY KEYS-----
ecdsa-sha2-nistp256 AAAAE2VjZHNhLXNoYTItbmlzdHAyNTYAAAAIbmlzdHAyNTYAAABBBA/Wg7j4NyZHNmOmda1SCbM3vYZoWwBvlCUw9pZJ8IZCFhEoP1VXOs3XuAKsbenPG2p70fnjLQkY8abfwZT3nCM= root@ubuntu-xenial
ssh-ed25519 AAAAC3NzaC1lZDI1NTE5AAAAIO4yWu9xSKyF19BlkwdYyjAxlwsf7HvjLBl+r7FeXghS root@ubuntu-xenial
ssh-rsa AAAAB3NzaC1yc2EAAAADAQABAAABAQDLSlOryajEXRcLGYUiqBli+Hqae38CKChgFT0vP8D1wY1H52AtmQXmiWElW/A3na2ITvm7MMdDSYE4m3L7CbE7//GV6XBmmkH+5JgFb2APZc0MN0ebOzvaLZ+WnyNbiQGgPdqpUcflsHu/xdTYJSox4fEBQawToMczbOmO6kXEyiR2FxliEObgH5f1sPcRcUEP3AMHjk5UZhA6bi6xpx79gDhZYQ2MFFzhJqW+oA/tbU+ZJnDAKm3DyIK4oInxd0XPDPHWRYmmYzfQhfIgVIxmpGzG75FQa/judGyAeLY5rF/AOCGvSoGuCPey7qNXlKQCKL2Aod9a+TlFLpbZ9r5n root@ubuntu-xenial
-----END SSH HOST KEY KEYS-----
         Stopping User Manager for UID 1000...
[[0;32m  OK  [0m] Stopped User Manager for UID 1000.
[   59.891616] cloud-init[1356]: Cloud-init v. 17.1 running 'modules:final' at Moo, 05 Mar 2018 14:51:07 +0000. Up 58.63 seconds.
[   60.036718] cloud-init[1356]: ci-info: no authorized ssh keys fingerprints found for user ubuntu.
[[0;32m  OK  [0m] Removed slice User Slice of vagrant.
[   60.120172] cloud-init[1356]: Cloud-init v. 17.1 finished at Mon, 05 Mar 2018 14:51:09 +0000. Datasource DataSourceNoCloud [seed=/dev/sdb][dsmode=net].  Up 59.87 seconds
[[0;32m  OK  [0m] Started Execute cloud user/final scripts.
[[0;32m  OK  [0m] Reached target Cloud-init target.

Ubuntu 16.04.3 LTS ubuntu-xenial ttyS0

ubuntu-xenial login: 